<?xml version="1.0" encoding="UTF-8"?>
<!-- Generated by org.testng.reporters.JUnitReportReporter -->
<testsuite name="com.nagarro.nagp.tests.TestHomePage" tests="1" time="16.711" ignored="0" failures="0" timestamp="26 Mar 2020 03:05:00 GMT" skipped="0" hostname="Ankur3147469" errors="0">
  <testcase name="categorySearchItemCompare" time="16.711" classname="com.nagarro.nagp.tests.TestHomePage"/>
</testsuite> <!-- com.nagarro.nagp.tests.TestHomePage -->
